{"/Users/omar.eldalil/Desktop/bundesliga-rating-table/constants.ts": {"path":"/Users/omar.eldalil/Desktop/bundesliga-rating-table/constants.ts","statementMap":{"0":{"start":{"line":1,"column":13},"end":{"line":6,"column":null}}},"fnMap":{},"branchMap":{},"s":{"0":2},"f":{},"b":{}}
,"/Users/omar.eldalil/Desktop/bundesliga-rating-table/errors/ServerError.ts": {"path":"/Users/omar.eldalil/Desktop/bundesliga-rating-table/errors/ServerError.ts","statementMap":{"0":{"start":{"line":1,"column":0},"end":{"line":1,"column":null}},"1":{"start":{"line":1,"column":33},"end":{"line":1,"column":38}},"2":{"start":{"line":5,"column":4},"end":{"line":5,"column":null}},"3":{"start":{"line":6,"column":4},"end":{"line":6,"column":null}},"4":{"start":{"line":7,"column":4},"end":{"line":7,"column":null}},"5":{"start":{"line":9,"column":0},"end":{"line":9,"column":null}},"6":{"start":{"line":1,"column":13},"end":{"line":1,"column":24}}},"fnMap":{"0":{"name":"(anonymous_6)","decl":{"start":{"line":1,"column":0},"end":{"line":1,"column":13}},"loc":{"start":{"line":1,"column":0},"end":{"line":9,"column":null}}},"1":{"name":"ServerError","decl":{"start":{"line":4,"column":2},"end":{"line":4,"column":14}},"loc":{"start":{"line":4,"column":21},"end":{"line":8,"column":3}}}},"branchMap":{"0":{"loc":{"start":{"line":5,"column":4},"end":{"line":5,"column":null}},"type":"binary-expr","locations":[{"start":{"line":5,"column":4},"end":{"line":5,"column":11}},{"start":{"line":5,"column":11},"end":{"line":5,"column":null}}]}},"s":{"0":3,"1":3,"2":0,"3":0,"4":0,"5":3,"6":3},"f":{"0":3,"1":0},"b":{"0":[0,0]}}
,"/Users/omar.eldalil/Desktop/bundesliga-rating-table/errors/ValidationError.ts": {"path":"/Users/omar.eldalil/Desktop/bundesliga-rating-table/errors/ValidationError.ts","statementMap":{"0":{"start":{"line":1,"column":0},"end":{"line":1,"column":null}},"1":{"start":{"line":1,"column":37},"end":{"line":1,"column":42}},"2":{"start":{"line":5,"column":4},"end":{"line":5,"column":null}},"3":{"start":{"line":6,"column":4},"end":{"line":6,"column":null}},"4":{"start":{"line":7,"column":4},"end":{"line":7,"column":null}},"5":{"start":{"line":9,"column":0},"end":{"line":9,"column":null}},"6":{"start":{"line":1,"column":13},"end":{"line":1,"column":28}}},"fnMap":{"0":{"name":"(anonymous_6)","decl":{"start":{"line":1,"column":0},"end":{"line":1,"column":13}},"loc":{"start":{"line":1,"column":0},"end":{"line":9,"column":null}}},"1":{"name":"ValidationError","decl":{"start":{"line":4,"column":2},"end":{"line":4,"column":14}},"loc":{"start":{"line":4,"column":21},"end":{"line":8,"column":3}}}},"branchMap":{"0":{"loc":{"start":{"line":5,"column":4},"end":{"line":5,"column":null}},"type":"binary-expr","locations":[{"start":{"line":5,"column":4},"end":{"line":5,"column":11}},{"start":{"line":5,"column":11},"end":{"line":5,"column":null}}]}},"s":{"0":1,"1":1,"2":2,"3":2,"4":2,"5":1,"6":1},"f":{"0":1,"1":2},"b":{"0":[2,0]}}
,"/Users/omar.eldalil/Desktop/bundesliga-rating-table/queries/match.query.ts": {"path":"/Users/omar.eldalil/Desktop/bundesliga-rating-table/queries/match.query.ts","statementMap":{"0":{"start":{"line":1,"column":0},"end":{"line":1,"column":47}},"1":{"start":{"line":2,"column":0},"end":{"line":2,"column":36}},"2":{"start":{"line":5,"column":29},"end":{"line":10,"column":1}},"3":{"start":{"line":5,"column":41},"end":{"line":5,"column":43}},"4":{"start":{"line":5,"column":53},"end":{"line":5,"column":54}},"5":{"start":{"line":6,"column":3},"end":{"line":9,"column":null}},"6":{"start":{"line":5,"column":13},"end":{"line":5,"column":29}},"7":{"start":{"line":12,"column":32},"end":{"line":14,"column":1}},"8":{"start":{"line":13,"column":2},"end":{"line":13,"column":null}},"9":{"start":{"line":12,"column":13},"end":{"line":12,"column":32}}},"fnMap":{"0":{"name":"(anonymous_0)","decl":{"start":{"line":5,"column":29},"end":{"line":5,"column":30}},"loc":{"start":{"line":5,"column":54},"end":{"line":10,"column":1}}},"1":{"name":"(anonymous_1)","decl":{"start":{"line":12,"column":32},"end":{"line":12,"column":33}},"loc":{"start":{"line":12,"column":45},"end":{"line":14,"column":1}}}},"branchMap":{},"s":{"0":1,"1":1,"2":1,"3":1,"4":1,"5":1,"6":1,"7":1,"8":1,"9":1},"f":{"0":1,"1":1},"b":{}}
,"/Users/omar.eldalil/Desktop/bundesliga-rating-table/queries/ranking.query.ts": {"path":"/Users/omar.eldalil/Desktop/bundesliga-rating-table/queries/ranking.query.ts","statementMap":{"0":{"start":{"line":1,"column":0},"end":{"line":1,"column":47}},"1":{"start":{"line":2,"column":0},"end":{"line":2,"column":36}},"2":{"start":{"line":6,"column":34},"end":{"line":8,"column":1}},"3":{"start":{"line":7,"column":2},"end":{"line":7,"column":null}},"4":{"start":{"line":6,"column":13},"end":{"line":6,"column":34}},"5":{"start":{"line":9,"column":32},"end":{"line":20,"column":1}},"6":{"start":{"line":9,"column":33},"end":{"line":9,"column":null}},"7":{"start":{"line":9,"column":37},"end":{"line":9,"column":39}},"8":{"start":{"line":9,"column":44},"end":{"line":9,"column":62}},"9":{"start":{"line":11,"column":2},"end":{"line":19,"column":null}},"10":{"start":{"line":9,"column":13},"end":{"line":9,"column":32}}},"fnMap":{"0":{"name":"(anonymous_0)","decl":{"start":{"line":6,"column":34},"end":{"line":6,"column":35}},"loc":{"start":{"line":6,"column":57},"end":{"line":8,"column":1}}},"1":{"name":"(anonymous_1)","decl":{"start":{"line":9,"column":32},"end":{"line":9,"column":33}},"loc":{"start":{"line":9,"column":64},"end":{"line":20,"column":1}}}},"branchMap":{"0":{"loc":{"start":{"line":9,"column":33},"end":{"line":9,"column":null}},"type":"cond-expr","locations":[{"start":{"line":9,"column":62},"end":{"line":9,"column":64}},{"start":{"line":9,"column":64},"end":{"line":9,"column":null}}]},"1":{"loc":{"start":{"line":16,"column":14},"end":{"line":16,"column":71}},"type":"cond-expr","locations":[{"start":{"line":16,"column":28},"end":{"line":16,"column":66}},{"start":{"line":16,"column":69},"end":{"line":16,"column":71}}]},"2":{"loc":{"start":{"line":16,"column":14},"end":{"line":16,"column":25}},"type":"cond-expr","locations":[{"start":{"line":16,"column":17},"end":{"line":16,"column":19}},{"start":{"line":16,"column":14},"end":{"line":16,"column":25}}]},"3":{"loc":{"start":{"line":16,"column":14},"end":{"line":16,"column":19}},"type":"binary-expr","locations":[{"start":{"line":16,"column":14},"end":{"line":16,"column":19}},{"start":{"line":16,"column":14},"end":{"line":16,"column":19}}]},"4":{"loc":{"start":{"line":18,"column":20},"end":{"line":18,"column":31}},"type":"binary-expr","locations":[{"start":{"line":18,"column":20},"end":{"line":18,"column":25}},{"start":{"line":18,"column":29},"end":{"line":18,"column":31}}]}},"s":{"0":1,"1":1,"2":1,"3":1,"4":1,"5":1,"6":1,"7":1,"8":1,"9":1,"10":1},"f":{"0":1,"1":1},"b":{"0":[1,0],"1":[0,1],"2":[1,0],"3":[1,1],"4":[1,1]}}
,"/Users/omar.eldalil/Desktop/bundesliga-rating-table/services/match.service.ts": {"path":"/Users/omar.eldalil/Desktop/bundesliga-rating-table/services/match.service.ts","statementMap":{"0":{"start":{"line":1,"column":0},"end":{"line":1,"column":65}},"1":{"start":{"line":2,"column":0},"end":{"line":2,"column":61}},"2":{"start":{"line":5,"column":0},"end":{"line":5,"column":58}},"3":{"start":{"line":7,"column":24},"end":{"line":29,"column":null}},"4":{"start":{"line":7,"column":48},"end":{"line":29,"column":null}},"5":{"start":{"line":8,"column":18},"end":{"line":11,"column":null}},"6":{"start":{"line":8,"column":8},"end":{"line":11,"column":null}},"7":{"start":{"line":12,"column":2},"end":{"line":14,"column":null}},"8":{"start":{"line":13,"column":4},"end":{"line":13,"column":null}},"9":{"start":{"line":15,"column":8},"end":{"line":15,"column":null}},"10":{"start":{"line":16,"column":24},"end":{"line":16,"column":null}},"11":{"start":{"line":16,"column":8},"end":{"line":16,"column":null}},"12":{"start":{"line":17,"column":2},"end":{"line":19,"column":null}},"13":{"start":{"line":18,"column":4},"end":{"line":18,"column":null}},"14":{"start":{"line":20,"column":8},"end":{"line":26,"column":null}},"15":{"start":{"line":20,"column":70},"end":{"line":26,"column":5}},"16":{"start":{"line":27,"column":2},"end":{"line":27,"column":27}},"17":{"start":{"line":28,"column":2},"end":{"line":28,"column":null}},"18":{"start":{"line":7,"column":13},"end":{"line":7,"column":24}},"19":{"start":{"line":31,"column":34},"end":{"line":56,"column":1}},"20":{"start":{"line":32,"column":13},"end":{"line":45,"column":null}},"21":{"start":{"line":46,"column":2},"end":{"line":53,"column":null}},"22":{"start":{"line":47,"column":4},"end":{"line":47,"column":null}},"23":{"start":{"line":48,"column":9},"end":{"line":53,"column":null}},"24":{"start":{"line":49,"column":4},"end":{"line":49,"column":null}},"25":{"start":{"line":51,"column":4},"end":{"line":51,"column":null}},"26":{"start":{"line":52,"column":4},"end":{"line":52,"column":null}},"27":{"start":{"line":55,"column":2},"end":{"line":55,"column":null}},"28":{"start":{"line":31,"column":13},"end":{"line":31,"column":34}}},"fnMap":{"0":{"name":"(anonymous_13)","decl":{"start":{"line":7,"column":24},"end":{"line":7,"column":31}},"loc":{"start":{"line":7,"column":48},"end":{"line":29,"column":null}}},"1":{"name":"(anonymous_14)","decl":{"start":{"line":7,"column":48},"end":{"line":7,"column":null}},"loc":{"start":{"line":7,"column":48},"end":{"line":29,"column":null}}},"2":{"name":"(anonymous_16)","decl":{"start":{"line":20,"column":59},"end":{"line":20,"column":66}},"loc":{"start":{"line":20,"column":66},"end":{"line":26,"column":5}}},"3":{"name":"(anonymous_17)","decl":{"start":{"line":31,"column":34},"end":{"line":31,"column":35}},"loc":{"start":{"line":31,"column":52},"end":{"line":56,"column":1}}}},"branchMap":{"0":{"loc":{"start":{"line":8,"column":18},"end":{"line":11,"column":null}},"type":"switch","locations":[{"start":{"line":8,"column":18},"end":{"line":11,"column":null}}]},"1":{"loc":{"start":{"line":12,"column":2},"end":{"line":14,"column":null}},"type":"if","locations":[{"start":{"line":12,"column":2},"end":{"line":14,"column":null}}]},"2":{"loc":{"start":{"line":12,"column":6},"end":{"line":12,"column":21}},"type":"cond-expr","locations":[{"start":{"line":12,"column":13},"end":{"line":12,"column":15}},{"start":{"line":12,"column":6},"end":{"line":12,"column":21}}]},"3":{"loc":{"start":{"line":12,"column":6},"end":{"line":12,"column":15}},"type":"binary-expr","locations":[{"start":{"line":12,"column":6},"end":{"line":12,"column":15}},{"start":{"line":12,"column":6},"end":{"line":12,"column":15}}]},"4":{"loc":{"start":{"line":17,"column":2},"end":{"line":19,"column":null}},"type":"if","locations":[{"start":{"line":17,"column":2},"end":{"line":19,"column":null}}]},"5":{"loc":{"start":{"line":22,"column":29},"end":{"line":22,"column":61}},"type":"cond-expr","locations":[{"start":{"line":22,"column":53},"end":{"line":22,"column":55}},{"start":{"line":22,"column":53},"end":{"line":22,"column":61}}]},"6":{"loc":{"start":{"line":22,"column":29},"end":{"line":22,"column":55}},"type":"binary-expr","locations":[{"start":{"line":22,"column":29},"end":{"line":22,"column":55}},{"start":{"line":22,"column":53},"end":{"line":22,"column":55}}]},"7":{"loc":{"start":{"line":23,"column":29},"end":{"line":23,"column":61}},"type":"cond-expr","locations":[{"start":{"line":23,"column":53},"end":{"line":23,"column":55}},{"start":{"line":23,"column":53},"end":{"line":23,"column":61}}]},"8":{"loc":{"start":{"line":23,"column":29},"end":{"line":23,"column":55}},"type":"binary-expr","locations":[{"start":{"line":23,"column":29},"end":{"line":23,"column":55}},{"start":{"line":23,"column":53},"end":{"line":23,"column":55}}]},"9":{"loc":{"start":{"line":24,"column":33},"end":{"line":24,"column":67}},"type":"cond-expr","locations":[{"start":{"line":24,"column":57},"end":{"line":24,"column":59}},{"start":{"line":24,"column":57},"end":{"line":24,"column":67}}]},"10":{"loc":{"start":{"line":24,"column":33},"end":{"line":24,"column":59}},"type":"binary-expr","locations":[{"start":{"line":24,"column":33},"end":{"line":24,"column":59}},{"start":{"line":24,"column":57},"end":{"line":24,"column":59}}]},"11":{"loc":{"start":{"line":25,"column":29},"end":{"line":25,"column":61}},"type":"cond-expr","locations":[{"start":{"line":25,"column":53},"end":{"line":25,"column":55}},{"start":{"line":25,"column":53},"end":{"line":25,"column":61}}]},"12":{"loc":{"start":{"line":25,"column":29},"end":{"line":25,"column":55}},"type":"binary-expr","locations":[{"start":{"line":25,"column":29},"end":{"line":25,"column":55}},{"start":{"line":25,"column":53},"end":{"line":25,"column":55}}]},"13":{"loc":{"start":{"line":46,"column":2},"end":{"line":53,"column":null}},"type":"if","locations":[{"start":{"line":46,"column":2},"end":{"line":53,"column":null}},{"start":{"line":48,"column":9},"end":{"line":53,"column":null}}]},"14":{"loc":{"start":{"line":48,"column":9},"end":{"line":53,"column":null}},"type":"if","locations":[{"start":{"line":48,"column":9},"end":{"line":53,"column":null}},{"start":{"line":50,"column":9},"end":{"line":53,"column":null}}]}},"s":{"0":1,"1":1,"2":1,"3":1,"4":3,"5":3,"6":3,"7":3,"8":1,"9":2,"10":2,"11":2,"12":2,"13":1,"14":1,"15":2,"16":2,"17":2,"18":1,"19":1,"20":4,"21":4,"22":0,"23":4,"24":3,"25":1,"26":1,"27":4,"28":1},"f":{"0":3,"1":3,"2":2,"3":4},"b":{"0":[3],"1":[1],"2":[1,2],"3":[3,3],"4":[1],"5":[1,1],"6":[2,2],"7":[1,1],"8":[2,2],"9":[1,1],"10":[2,2],"11":[1,1],"12":[2,2],"13":[0,4],"14":[3,1]}}
,"/Users/omar.eldalil/Desktop/bundesliga-rating-table/services/ranking.service.ts": {"path":"/Users/omar.eldalil/Desktop/bundesliga-rating-table/services/ranking.service.ts","statementMap":{"0":{"start":{"line":2,"column":0},"end":{"line":2,"column":78}},"1":{"start":{"line":6,"column":26},"end":{"line":8,"column":2}},"2":{"start":{"line":6,"column":33},"end":{"line":6,"column":null}},"3":{"start":{"line":7,"column":9},"end":{"line":7,"column":null}},"4":{"start":{"line":7,"column":2},"end":{"line":7,"column":null}},"5":{"start":{"line":6,"column":13},"end":{"line":6,"column":26}},"6":{"start":{"line":10,"column":30},"end":{"line":14,"column":2}},"7":{"start":{"line":10,"column":67},"end":{"line":14,"column":2}},"8":{"start":{"line":11,"column":6},"end":{"line":11,"column":18}},"9":{"start":{"line":12,"column":4},"end":{"line":12,"column":null}},"10":{"start":{"line":10,"column":13},"end":{"line":10,"column":30}}},"fnMap":{"0":{"name":"(anonymous_13)","decl":{"start":{"line":6,"column":26},"end":{"line":6,"column":33}},"loc":{"start":{"line":6,"column":67},"end":{"line":8,"column":2}}},"1":{"name":"(anonymous_16)","decl":{"start":{"line":10,"column":30},"end":{"line":10,"column":37}},"loc":{"start":{"line":10,"column":67},"end":{"line":14,"column":2}}},"2":{"name":"(anonymous_17)","decl":{"start":{"line":10,"column":67},"end":{"line":10,"column":null}},"loc":{"start":{"line":10,"column":67},"end":{"line":14,"column":2}}}},"branchMap":{"0":{"loc":{"start":{"line":6,"column":33},"end":{"line":6,"column":null}},"type":"if","locations":[{"start":{"line":6,"column":33},"end":{"line":6,"column":null}}]},"1":{"loc":{"start":{"line":7,"column":9},"end":{"line":7,"column":null}},"type":"switch","locations":[{"start":{"line":7,"column":9},"end":{"line":7,"column":null}},{"start":{"line":7,"column":2},"end":{"line":7,"column":null}}]},"2":{"loc":{"start":{"line":11,"column":6},"end":{"line":11,"column":18}},"type":"if","locations":[{"start":{"line":11,"column":6},"end":{"line":11,"column":18}}]}},"s":{"0":1,"1":1,"2":4,"3":3,"4":3,"5":1,"6":1,"7":2,"8":3,"9":2,"10":1},"f":{"0":3,"1":2,"2":2},"b":{"0":[1],"1":[3,3],"2":[1]}}
,"/Users/omar.eldalil/Desktop/bundesliga-rating-table/utils/dbClient.ts": {"path":"/Users/omar.eldalil/Desktop/bundesliga-rating-table/utils/dbClient.ts","statementMap":{"0":{"start":{"line":1,"column":0},"end":{"line":1,"column":39}},"1":{"start":{"line":2,"column":0},"end":{"line":2,"column":32}},"2":{"start":{"line":5,"column":0},"end":{"line":5,"column":50}},"3":{"start":{"line":7,"column":11},"end":{"line":11,"column":2}},"4":{"start":{"line":13,"column":13},"end":{"line":13,"column":null}},"5":{"start":{"line":15,"column":28},"end":{"line":32,"column":null}},"6":{"start":{"line":15,"column":63},"end":{"line":32,"column":null}},"7":{"start":{"line":16,"column":2},"end":{"line":18,"column":null}},"8":{"start":{"line":17,"column":4},"end":{"line":17,"column":null}},"9":{"start":{"line":20,"column":11},"end":{"line":20,"column":null}},"10":{"start":{"line":20,"column":4},"end":{"line":20,"column":null}},"11":{"start":{"line":23,"column":13},"end":{"line":23,"column":20}},"12":{"start":{"line":23,"column":20},"end":{"line":23,"column":27}},"13":{"start":{"line":23,"column":25},"end":{"line":23,"column":27}},"14":{"start":{"line":24,"column":6},"end":{"line":24,"column":null}},"15":{"start":{"line":26,"column":15},"end":{"line":26,"column":null}},"16":{"start":{"line":26,"column":8},"end":{"line":26,"column":null}},"17":{"start":{"line":28,"column":8},"end":{"line":28,"column":null}},"18":{"start":{"line":23,"column":27},"end":{"line":23,"column":null}},"19":{"start":{"line":15,"column":13},"end":{"line":15,"column":28}},"20":{"start":{"line":34,"column":14},"end":{"line":34,"column":26}},"21":{"start":{"line":34,"column":22},"end":{"line":34,"column":72}},"22":{"start":{"line":34,"column":45},"end":{"line":34,"column":71}}},"fnMap":{"0":{"name":"(anonymous_13)","decl":{"start":{"line":15,"column":28},"end":{"line":15,"column":35}},"loc":{"start":{"line":15,"column":63},"end":{"line":32,"column":null}}},"1":{"name":"(anonymous_14)","decl":{"start":{"line":15,"column":63},"end":{"line":15,"column":null}},"loc":{"start":{"line":15,"column":63},"end":{"line":32,"column":null}}},"2":{"name":"(anonymous_16)","decl":{"start":{"line":34,"column":14},"end":{"line":34,"column":18}},"loc":{"start":{"line":34,"column":18},"end":{"line":34,"column":26}}},"3":{"name":"(anonymous_17)","decl":{"start":{"line":34,"column":34},"end":{"line":34,"column":41}},"loc":{"start":{"line":34,"column":41},"end":{"line":34,"column":55}}}},"branchMap":{"0":{"loc":{"start":{"line":20,"column":4},"end":{"line":20,"column":null}},"type":"switch","locations":[{"start":{"line":20,"column":4},"end":{"line":20,"column":null}},{"start":{"line":26,"column":8},"end":{"line":26,"column":null}}]},"1":{"loc":{"start":{"line":16,"column":2},"end":{"line":18,"column":null}},"type":"if","locations":[{"start":{"line":16,"column":2},"end":{"line":18,"column":null}}]},"2":{"loc":{"start":{"line":23,"column":20},"end":{"line":23,"column":27}},"type":"if","locations":[{"start":{"line":23,"column":20},"end":{"line":23,"column":27}}]}},"s":{"0":3,"1":3,"2":3,"3":3,"4":3,"5":3,"6":2,"7":2,"8":1,"9":2,"10":2,"11":0,"12":0,"13":0,"14":0,"15":0,"16":0,"17":0,"18":0,"19":3,"20":3,"21":0,"22":0},"f":{"0":2,"1":2,"2":0,"3":0},"b":{"0":[2,0],"1":[1],"2":[0]}}
}
