TN:
SF:constants.ts
FNF:0
FNH:0
DA:1,4
DA:8,4
LF:2
LH:2
BRF:0
BRH:0
end_of_record
TN:
SF:errors/ServerError.ts
FN:1,(anonymous_6)
FN:4,ServerError
FNF:2
FNH:2
FNDA:4,(anonymous_6)
FNDA:1,ServerError
DA:1,4
DA:5,1
DA:6,1
DA:7,1
DA:9,4
LF:5
LH:5
BRDA:5,0,0,1
BRDA:5,0,1,0
BRDA:7,1,0,1
BRDA:7,1,1,0
BRF:4
BRH:2
end_of_record
TN:
SF:errors/ValidationError.ts
FN:1,(anonymous_6)
FN:4,ValidationError
FNF:2
FNH:2
FNDA:1,(anonymous_6)
FNDA:2,ValidationError
DA:1,1
DA:5,2
DA:6,2
DA:7,2
DA:9,1
LF:5
LH:5
BRDA:5,0,0,2
BRDA:5,0,1,0
BRF:2
BRH:1
end_of_record
TN:
SF:queries/match.query.ts
FN:5,(anonymous_0)
FN:12,(anonymous_1)
FNF:2
FNH:2
FNDA:1,(anonymous_0)
FNDA:1,(anonymous_1)
DA:1,1
DA:2,1
DA:5,1
DA:6,1
DA:12,1
DA:13,1
LF:6
LH:6
BRF:0
BRH:0
end_of_record
TN:
SF:queries/ranking.query.ts
FN:6,(anonymous_0)
FN:9,(anonymous_1)
FNF:2
FNH:2
FNDA:1,(anonymous_0)
FNDA:1,(anonymous_1)
DA:1,1
DA:2,1
DA:6,1
DA:7,1
DA:9,1
DA:11,1
LF:6
LH:6
BRDA:9,0,0,1
BRDA:9,0,1,0
BRDA:16,1,0,0
BRDA:16,1,1,1
BRDA:16,2,0,1
BRDA:16,2,1,0
BRDA:16,3,0,1
BRDA:16,3,1,1
BRDA:18,4,0,1
BRDA:18,4,1,1
BRDA:18,5,0,1
BRDA:18,5,1,1
BRF:12
BRH:9
end_of_record
TN:
SF:services/match.service.ts
FN:7,(anonymous_13)
FN:7,(anonymous_14)
FN:20,(anonymous_16)
FN:31,(anonymous_17)
FNF:4
FNH:4
FNDA:3,(anonymous_13)
FNDA:3,(anonymous_14)
FNDA:2,(anonymous_16)
FNDA:4,(anonymous_17)
DA:1,1
DA:2,1
DA:5,1
DA:7,3
DA:8,3
DA:12,3
DA:13,1
DA:15,2
DA:16,2
DA:17,2
DA:18,1
DA:20,2
DA:27,2
DA:28,2
DA:31,1
DA:32,4
DA:46,4
DA:47,0
DA:48,4
DA:49,3
DA:51,1
DA:52,1
DA:55,4
LF:23
LH:22
BRDA:8,0,0,3
BRDA:12,1,0,1
BRDA:12,2,0,1
BRDA:12,2,1,2
BRDA:12,3,0,3
BRDA:12,3,1,3
BRDA:17,4,0,1
BRDA:22,5,0,1
BRDA:22,5,1,1
BRDA:22,6,0,2
BRDA:22,6,1,2
BRDA:23,7,0,1
BRDA:23,7,1,1
BRDA:23,8,0,2
BRDA:23,8,1,2
BRDA:24,9,0,1
BRDA:24,9,1,1
BRDA:24,10,0,2
BRDA:24,10,1,2
BRDA:25,11,0,1
BRDA:25,11,1,1
BRDA:25,12,0,2
BRDA:25,12,1,2
BRDA:46,13,0,0
BRDA:46,13,1,4
BRDA:48,14,0,3
BRDA:48,14,1,1
BRF:27
BRH:26
end_of_record
TN:
SF:services/ranking.service.ts
FN:6,(anonymous_13)
FN:10,(anonymous_16)
FN:10,(anonymous_17)
FNF:3
FNH:3
FNDA:3,(anonymous_13)
FNDA:2,(anonymous_16)
FNDA:2,(anonymous_17)
DA:2,1
DA:6,4
DA:7,3
DA:10,2
DA:11,3
DA:12,2
LF:6
LH:6
BRDA:6,0,0,1
BRDA:7,1,0,3
BRDA:7,1,1,3
BRDA:11,2,0,1
BRF:4
BRH:4
end_of_record
TN:
SF:utils/dbClient.ts
FN:16,(anonymous_13)
FN:16,(anonymous_14)
FN:23,(anonymous_16)
FNF:3
FNH:3
FNDA:4,(anonymous_13)
FNDA:4,(anonymous_14)
FNDA:4,(anonymous_16)
DA:1,4
DA:2,4
DA:5,4
DA:6,4
DA:8,4
DA:14,4
DA:16,4
DA:17,4
DA:18,1
DA:21,4
DA:23,4
DA:26,1
DA:27,1
DA:28,1
DA:29,0
DA:30,0
DA:32,0
LF:17
LH:14
BRDA:21,0,0,4
BRDA:17,1,0,1
BRDA:27,2,0,1
BRDA:27,2,1,0
BRDA:27,3,0,1
BRDA:27,3,1,0
BRDA:27,3,2,1
BRDA:27,4,0,0
BRDA:27,4,1,1
BRDA:27,5,0,1
BRDA:27,5,1,1
BRDA:29,6,0,0
BRDA:29,6,1,0
BRDA:29,7,0,0
BRDA:29,7,1,0
BRDA:29,8,0,0
BRDA:29,8,1,0
BRDA:29,9,0,0
BRDA:29,9,1,0
BRDA:29,10,0,0
BRDA:29,10,1,0
BRDA:29,11,0,0
BRDA:29,11,1,0
BRDA:29,12,0,0
BRDA:29,12,1,0
BRDA:29,13,0,0
BRDA:29,13,1,0
BRF:27
BRH:8
end_of_record
TN:
SF:utils/errorHandlerWrapper.ts
FN:1,(anonymous_13)
FN:1,(anonymous_14)
FN:1,(anonymous_15)
FNF:3
FNH:3
FNDA:3,(anonymous_13)
FNDA:3,(anonymous_14)
FNDA:3,(anonymous_15)
DA:1,3
DA:4,3
DA:6,2
DA:7,2
DA:8,2
DA:9,1
DA:11,2
LF:7
LH:7
BRDA:4,0,0,3
BRDA:8,1,0,1
BRDA:8,2,0,0
BRDA:8,2,1,2
BRDA:8,3,0,2
BRDA:8,3,1,2
BRDA:12,4,0,2
BRDA:12,4,1,1
BRF:8
BRH:7
end_of_record
